This file contains any messages produced by compilers while
running configure, to aid debugging if configure makes a mistake.

It was created by pango configure 1.22.2, which was
generated by GNU Autoconf 2.63.  Invocation command line was

  $ ./configure 

## --------- ##
## Platform. ##
## --------- ##

hostname = L063443
uname -m = i686
uname -r = 1.0.10(0.46/3/2)
uname -s = MINGW32_NT-5.1
uname -v = 2004-03-15 07:17

/usr/bin/uname -p = unknown
/bin/uname -X     = unknown

/bin/arch              = unknown
/usr/bin/arch -k       = unknown
/usr/convex/getsysinfo = unknown
/usr/bin/hostinfo      = unknown
/bin/machine           = unknown
/usr/bin/oslevel       = unknown
/bin/universe          = unknown

PATH: .
PATH: /usr/local/bin
PATH: /mingw/bin
PATH: /bin
PATH: /c/Program Files/Common Files/Symbian/Tools
PATH: /c/Program Files/PC Connectivity Solution/
PATH: /c/Program Files/CSL Arm Toolchain/bin
PATH: /d/epoc32/tools
PATH: /d/epoc32/gcc/bin
PATH: /c/Apps/Reltools
PATH: /c/Apps/ARM/RVCT/Programs/2.2/349/win_32-pentium
PATH: /c/Apps/ARM/bin/win_32-pentium
PATH: /c/Python24/.
PATH: /d/Perl/bin/
PATH: /c/WINDOWS/system32
PATH: /c/WINDOWS
PATH: /c/WINDOWS/System32/Wbem
PATH: /c/WINDOWS/i386
PATH: /c/Program Files/Novell/ZENworks/
PATH: /c/Apps/ARM/Utilities/FLEXlm/9.2/release/win_32-pentium
PATH: /c/APPS/Nokia/Carbide.c++ v1.3/x86Build/Symbian_Tools/Command_Line_Tools
PATH: /c/Apps/Metrowerks/OEM3.1/Symbian_Tools/Command_Line_Tools
PATH: /c/Apps/Metrowerks/OEM3.1/Bin/
PATH: /c/Apps/Metrowerks/OEM3.1/Symbian_Support/Runtime/Runtime_x86/Runtime_Win32/Libs/MSL_All-Dlls
PATH: /d/usr/bin
PATH: /d/usr/bin/vim/vim63
PATH: /c/apps/perforce
PATH: /c/Program Files/Nokia/FastTrace
PATH: /c/Program Files/Subversion/bin
PATH: /c/Program Files/cvsnt
PATH: /d/symbian/9.2/s60_3rd_fp1/epoc32/tools
PATH: /d/symbian/9.2/s60_3rd_fp1/epoc32/gcc/bin
PATH: /c/Program Files/Git/bin
PATH: /c/Program Files/HookLogger/
PATH: .


## ----------- ##
## Core tests. ##
## ----------- ##

configure:2316: checking for a BSD-compatible install
configure:2384: result: /bin/install -c
configure:2395: checking whether build environment is sane
configure:2438: result: yes
configure:2463: checking for a thread-safe mkdir -p
configure:2502: result: /bin/mkdir -p
configure:2515: checking for gawk
configure:2531: found /bin/gawk
configure:2542: result: gawk
configure:2553: checking whether make sets $(MAKE)
configure:2575: result: yes
configure:2827: checking build system type
configure:2845: result: i686-pc-mingw32
configure:2867: checking host system type
configure:2882: result: i686-pc-mingw32
configure:2905: checking for native Win32
configure:2923: result: yes
configure:2985: checking for gcc
configure:3001: found /mingw/bin/gcc
configure:3012: result: gcc
configure:3244: checking for C compiler version
configure:3252: gcc --version >&5
gcc.exe (GCC) 3.4.5 (mingw-vista special r3)
Copyright (C) 2004 Free Software Foundation, Inc.
This is free software; see the source for copying conditions.  There is NO
warranty; not even for MERCHANTABILITY or FITNESS FOR A PARTICULAR PURPOSE.

configure:3256: $? = 0
configure:3263: gcc -v >&5
Reading specs from d:/mingw/bin/../lib/gcc/mingw32/3.4.5/specs
Configured with: ../gcc-3.4.5-20060117-3/configure --with-gcc --with-gnu-ld --with-gnu-as --host=mingw32 --target=mingw32 --prefix=/mingw --enable-threads --disable-nls --enable-languages=c,c++,f77,ada,objc,java --disable-win32-registry --disable-shared --enable-sjlj-exceptions --enable-libgcj --disable-java-awt --without-x --enable-java-gc=boehm --disable-libgcj-debug --enable-interpreter --enable-hash-synchronization --enable-libstdcxx-debug
Thread model: win32
gcc version 3.4.5 (mingw-vista special r3)
configure:3267: $? = 0
configure:3274: gcc -V >&5
gcc.exe: `-V' option must have argument
configure:3278: $? = 1
configure:3301: checking for C compiler default output file name
configure:3323: gcc    conftest.c  >&5
configure:3327: $? = 0
configure:3365: result: a.exe
configure:3384: checking whether the C compiler works
configure:3394: ./a.exe
configure:3398: $? = 0
configure:3417: result: yes
configure:3424: checking whether we are cross compiling
configure:3426: result: no
configure:3429: checking for suffix of executables
configure:3436: gcc -o conftest.exe    conftest.c  >&5
configure:3440: $? = 0
configure:3466: result: .exe
configure:3472: checking for suffix of object files
configure:3498: gcc -c   conftest.c >&5
configure:3502: $? = 0
configure:3527: result: o
configure:3531: checking whether we are using the GNU C compiler
configure:3560: gcc -c   conftest.c >&5
configure:3567: $? = 0
configure:3584: result: yes
configure:3593: checking whether gcc accepts -g
configure:3623: gcc -c -g  conftest.c >&5
configure:3630: $? = 0
configure:3731: result: yes
configure:3748: checking for gcc option to accept ISO C89
configure:3822: gcc  -c -g -O2  conftest.c >&5
configure:3829: $? = 0
configure:3852: result: none needed
configure:3881: checking for style of include used by make
configure:3909: result: GNU
configure:3934: checking dependency style of gcc
configure:4025: result: gcc3
configure:4045: checking for c++
configure:4075: result: no
configure:4045: checking for g++
configure:4061: found /c/Program Files/Common Files/Symbian/Tools/g++
configure:4072: result: g++
configure:4203: checking for C++ compiler version
configure:4211: g++ --version >&5
Can't open perl script "c:\Program": No such file or directory
configure:4215: $? = 2
configure:4222: g++ -v >&5
Can't open perl script "c:\Program": No such file or directory
configure:4226: $? = 2
configure:4233: g++ -V >&5
Can't open perl script "c:\Program": No such file or directory
configure:4237: $? = 2
configure:4240: checking whether we are using the GNU C++ compiler
configure:4269: g++ -c   conftest.cpp >&5
Can't open perl script "c:\Program": No such file or directory
configure:4276: $? = 2
configure: failed program was:
| /* confdefs.h.  */
| #define PACKAGE_NAME "pango"
| #define PACKAGE_TARNAME "pango"
| #define PACKAGE_VERSION "1.22.2"
| #define PACKAGE_STRING "pango 1.22.2"
| #define PACKAGE_BUGREPORT "http://bugzilla.gnome.org/enter_bug.cgi?product=pango"
| #define PACKAGE "pango"
| #define VERSION "1.22.2"
| #define MODULE_VERSION "1.6.0"
| #define PANGO_BINARY_AGE 2202
| #define PANGO_INTERFACE_AGE 0
| #define PANGO_VERSION_MAJOR 1
| #define PANGO_VERSION_MINOR 22
| #define PANGO_VERSION_MICRO 2
| /* end confdefs.h.  */
| 
| int
| main ()
| {
| #ifndef __GNUC__
|        choke me
| #endif
| 
|   ;
|   return 0;
| }
configure:4293: result: no
configure:4302: checking whether g++ accepts -g
configure:4332: g++ -c -g  conftest.cpp >&5
Can't open perl script "c:\Program": No such file or directory
configure:4339: $? = 2
configure: failed program was:
| /* confdefs.h.  */
| #define PACKAGE_NAME "pango"
| #define PACKAGE_TARNAME "pango"
| #define PACKAGE_VERSION "1.22.2"
| #define PACKAGE_STRING "pango 1.22.2"
| #define PACKAGE_BUGREPORT "http://bugzilla.gnome.org/enter_bug.cgi?product=pango"
| #define PACKAGE "pango"
| #define VERSION "1.22.2"
| #define MODULE_VERSION "1.6.0"
| #define PANGO_BINARY_AGE 2202
| #define PANGO_INTERFACE_AGE 0
| #define PANGO_VERSION_MAJOR 1
| #define PANGO_VERSION_MINOR 22
| #define PANGO_VERSION_MICRO 2
| /* end confdefs.h.  */
| 
| int
| main ()
| {
| 
|   ;
|   return 0;
| }
configure:4371: g++ -c   conftest.cpp >&5
Can't open perl script "c:\Program": No such file or directory
configure:4378: $? = 2
configure: failed program was:
| /* confdefs.h.  */
| #define PACKAGE_NAME "pango"
| #define PACKAGE_TARNAME "pango"
| #define PACKAGE_VERSION "1.22.2"
| #define PACKAGE_STRING "pango 1.22.2"
| #define PACKAGE_BUGREPORT "http://bugzilla.gnome.org/enter_bug.cgi?product=pango"
| #define PACKAGE "pango"
| #define VERSION "1.22.2"
| #define MODULE_VERSION "1.6.0"
| #define PANGO_BINARY_AGE 2202
| #define PANGO_INTERFACE_AGE 0
| #define PANGO_VERSION_MAJOR 1
| #define PANGO_VERSION_MINOR 22
| #define PANGO_VERSION_MICRO 2
| /* end confdefs.h.  */
| 
| int
| main ()
| {
| 
|   ;
|   return 0;
| }
configure:4411: g++ -c -g  conftest.cpp >&5
Can't open perl script "c:\Program": No such file or directory
configure:4418: $? = 2
configure: failed program was:
| /* confdefs.h.  */
| #define PACKAGE_NAME "pango"
| #define PACKAGE_TARNAME "pango"
| #define PACKAGE_VERSION "1.22.2"
| #define PACKAGE_STRING "pango 1.22.2"
| #define PACKAGE_BUGREPORT "http://bugzilla.gnome.org/enter_bug.cgi?product=pango"
| #define PACKAGE "pango"
| #define VERSION "1.22.2"
| #define MODULE_VERSION "1.6.0"
| #define PANGO_BINARY_AGE 2202
| #define PANGO_INTERFACE_AGE 0
| #define PANGO_VERSION_MAJOR 1
| #define PANGO_VERSION_MINOR 22
| #define PANGO_VERSION_MICRO 2
| /* end confdefs.h.  */
| 
| int
| main ()
| {
| 
|   ;
|   return 0;
| }
configure:4440: result: no
configure:4465: checking dependency style of g++
configure:4556: result: none
configure:4593: g++ -c   conftest.cpp >&5
Can't open perl script "c:\Program": No such file or directory
configure:4600: $? = 2
configure: failed program was:
| /* confdefs.h.  */
| #define PACKAGE_NAME "pango"
| #define PACKAGE_TARNAME "pango"
| #define PACKAGE_VERSION "1.22.2"
| #define PACKAGE_STRING "pango 1.22.2"
| #define PACKAGE_BUGREPORT "http://bugzilla.gnome.org/enter_bug.cgi?product=pango"
| #define PACKAGE "pango"
| #define VERSION "1.22.2"
| #define MODULE_VERSION "1.6.0"
| #define PANGO_BINARY_AGE 2202
| #define PANGO_INTERFACE_AGE 0
| #define PANGO_VERSION_MAJOR 1
| #define PANGO_VERSION_MINOR 22
| #define PANGO_VERSION_MICRO 2
| /* end confdefs.h.  */
| 
| int
| main ()
| {
| class a { int b; } c;
|   ;
|   return 0;
| }
configure:4718: checking for a sed that does not truncate output
configure:4774: result: /bin/sed
configure:4777: checking for grep that handles long lines and -e
configure:4837: result: /bin/grep
configure:4842: checking for egrep
configure:4906: result: /bin/grep -E
configure:4922: checking for ld used by gcc
configure:4989: result: d:/mingw/mingw32/bin/ld.exe
configure:4998: checking if the linker (d:/mingw/mingw32/bin/ld.exe) is GNU ld
configure:5013: result: yes
configure:5018: checking for d:/mingw/mingw32/bin/ld.exe option to reload object files
configure:5025: result: -r
configure:5043: checking for BSD-compatible nm
configure:5092: result: /mingw/bin/nm
configure:5096: checking whether ln -s works
configure:5103: result: no, using cp -p
configure:5107: checking how to recognize dependent libraries
configure:5293: result: file_magic file format pei*-i386(.*architecture: i386)?
configure:5576: checking for dlltool
configure:5592: found /mingw/bin/dlltool
configure:5603: result: dlltool
configure:5668: checking for as
configure:5684: found /mingw/bin/as
configure:5695: result: as
configure:5760: checking for objdump
configure:5776: found /mingw/bin/objdump
configure:5787: result: objdump
configure:5821: checking how to run the C preprocessor
configure:5861: gcc -E  conftest.c
configure:5868: $? = 0
configure:5899: gcc -E  conftest.c
conftest.c:16:28: ac_nonexistent.h: No such file or directory
configure:5906: $? = 1
configure: failed program was:
| /* confdefs.h.  */
| #define PACKAGE_NAME "pango"
| #define PACKAGE_TARNAME "pango"
| #define PACKAGE_VERSION "1.22.2"
| #define PACKAGE_STRING "pango 1.22.2"
| #define PACKAGE_BUGREPORT "http://bugzilla.gnome.org/enter_bug.cgi?product=pango"
| #define PACKAGE "pango"
| #define VERSION "1.22.2"
| #define MODULE_VERSION "1.6.0"
| #define PANGO_BINARY_AGE 2202
| #define PANGO_INTERFACE_AGE 0
| #define PANGO_VERSION_MAJOR 1
| #define PANGO_VERSION_MINOR 22
| #define PANGO_VERSION_MICRO 2
| /* end confdefs.h.  */
| #include <ac_nonexistent.h>
configure:5939: result: gcc -E
configure:5968: gcc -E  conftest.c
configure:5975: $? = 0
configure:6006: gcc -E  conftest.c
conftest.c:16:28: ac_nonexistent.h: No such file or directory
configure:6013: $? = 1
configure: failed program was:
| /* confdefs.h.  */
| #define PACKAGE_NAME "pango"
| #define PACKAGE_TARNAME "pango"
| #define PACKAGE_VERSION "1.22.2"
| #define PACKAGE_STRING "pango 1.22.2"
| #define PACKAGE_BUGREPORT "http://bugzilla.gnome.org/enter_bug.cgi?product=pango"
| #define PACKAGE "pango"
| #define VERSION "1.22.2"
| #define MODULE_VERSION "1.6.0"
| #define PANGO_BINARY_AGE 2202
| #define PANGO_INTERFACE_AGE 0
| #define PANGO_VERSION_MAJOR 1
| #define PANGO_VERSION_MINOR 22
| #define PANGO_VERSION_MICRO 2
| /* end confdefs.h.  */
| #include <ac_nonexistent.h>
configure:6053: checking for ANSI C header files
configure:6083: gcc -c -g -O2  conftest.c >&5
configure:6090: $? = 0
configure:6186: gcc -o conftest.exe -g -O2   conftest.c  >&5
configure:6190: $? = 0
configure:6196: ./conftest.exe
configure:6200: $? = 0
configure:6218: result: yes
configure:6242: checking for sys/types.h
configure:6263: gcc -c -g -O2  conftest.c >&5
configure:6270: $? = 0
configure:6287: result: yes
configure:6242: checking for sys/stat.h
configure:6263: gcc -c -g -O2  conftest.c >&5
configure:6270: $? = 0
configure:6287: result: yes
configure:6242: checking for stdlib.h
configure:6263: gcc -c -g -O2  conftest.c >&5
configure:6270: $? = 0
configure:6287: result: yes
configure:6242: checking for string.h
configure:6263: gcc -c -g -O2  conftest.c >&5
configure:6270: $? = 0
configure:6287: result: yes
configure:6242: checking for memory.h
configure:6263: gcc -c -g -O2  conftest.c >&5
configure:6270: $? = 0
configure:6287: result: yes
configure:6242: checking for strings.h
configure:6263: gcc -c -g -O2  conftest.c >&5
configure:6270: $? = 0
configure:6287: result: yes
configure:6242: checking for inttypes.h
configure:6263: gcc -c -g -O2  conftest.c >&5
configure:6270: $? = 0
configure:6287: result: yes
configure:6242: checking for stdint.h
configure:6263: gcc -c -g -O2  conftest.c >&5
configure:6270: $? = 0
configure:6287: result: yes
configure:6242: checking for unistd.h
configure:6263: gcc -c -g -O2  conftest.c >&5
configure:6270: $? = 0
configure:6287: result: yes
configure:6317: checking dlfcn.h usability
configure:6334: gcc -c -g -O2  conftest.c >&5
conftest.c:59:19: dlfcn.h: No such file or directory
configure:6341: $? = 1
configure: failed program was:
| /* confdefs.h.  */
| #define PACKAGE_NAME "pango"
| #define PACKAGE_TARNAME "pango"
| #define PACKAGE_VERSION "1.22.2"
| #define PACKAGE_STRING "pango 1.22.2"
| #define PACKAGE_BUGREPORT "http://bugzilla.gnome.org/enter_bug.cgi?product=pango"
| #define PACKAGE "pango"
| #define VERSION "1.22.2"
| #define MODULE_VERSION "1.6.0"
| #define PANGO_BINARY_AGE 2202
| #define PANGO_INTERFACE_AGE 0
| #define PANGO_VERSION_MAJOR 1
| #define PANGO_VERSION_MINOR 22
| #define PANGO_VERSION_MICRO 2
| #define STDC_HEADERS 1
| #define HAVE_SYS_TYPES_H 1
| #define HAVE_SYS_STAT_H 1
| #define HAVE_STDLIB_H 1
| #define HAVE_STRING_H 1
| #define HAVE_MEMORY_H 1
| #define HAVE_STRINGS_H 1
| #define HAVE_INTTYPES_H 1
| #define HAVE_STDINT_H 1
| #define HAVE_UNISTD_H 1
| /* end confdefs.h.  */
| #include <stdio.h>
| #ifdef HAVE_SYS_TYPES_H
| # include <sys/types.h>
| #endif
| #ifdef HAVE_SYS_STAT_H
| # include <sys/stat.h>
| #endif
| #ifdef STDC_HEADERS
| # include <stdlib.h>
| # include <stddef.h>
| #else
| # ifdef HAVE_STDLIB_H
| #  include <stdlib.h>
| # endif
| #endif
| #ifdef HAVE_STRING_H
| # if !defined STDC_HEADERS && defined HAVE_MEMORY_H
| #  include <memory.h>
| # endif
| # include <string.h>
| #endif
| #ifdef HAVE_STRINGS_H
| # include <strings.h>
| #endif
| #ifdef HAVE_INTTYPES_H
| # include <inttypes.h>
| #endif
| #ifdef HAVE_STDINT_H
| # include <stdint.h>
| #endif
| #ifdef HAVE_UNISTD_H
| # include <unistd.h>
| #endif
| #include <dlfcn.h>
configure:6355: result: no
configure:6359: checking dlfcn.h presence
configure:6374: gcc -E  conftest.c
conftest.c:26:19: dlfcn.h: No such file or directory
configure:6381: $? = 1
configure: failed program was:
| /* confdefs.h.  */
| #define PACKAGE_NAME "pango"
| #define PACKAGE_TARNAME "pango"
| #define PACKAGE_VERSION "1.22.2"
| #define PACKAGE_STRING "pango 1.22.2"
| #define PACKAGE_BUGREPORT "http://bugzilla.gnome.org/enter_bug.cgi?product=pango"
| #define PACKAGE "pango"
| #define VERSION "1.22.2"
| #define MODULE_VERSION "1.6.0"
| #define PANGO_BINARY_AGE 2202
| #define PANGO_INTERFACE_AGE 0
| #define PANGO_VERSION_MAJOR 1
| #define PANGO_VERSION_MINOR 22
| #define PANGO_VERSION_MICRO 2
| #define STDC_HEADERS 1
| #define HAVE_SYS_TYPES_H 1
| #define HAVE_SYS_STAT_H 1
| #define HAVE_STDLIB_H 1
| #define HAVE_STRING_H 1
| #define HAVE_MEMORY_H 1
| #define HAVE_STRINGS_H 1
| #define HAVE_INTTYPES_H 1
| #define HAVE_STDINT_H 1
| #define HAVE_UNISTD_H 1
| /* end confdefs.h.  */
| #include <dlfcn.h>
configure:6395: result: no
configure:6428: checking for dlfcn.h
configure:6437: result: no
configure:6744: checking for g77
configure:6774: result: no
configure:6744: checking for xlf
configure:6774: result: no
configure:6744: checking for f77
configure:6774: result: no
configure:6744: checking for frt
configure:6774: result: no
configure:6744: checking for pgf77
configure:6774: result: no
configure:6744: checking for cf77
configure:6774: result: no
configure:6744: checking for fort77
configure:6774: result: no
configure:6744: checking for fl32
configure:6774: result: no
configure:6744: checking for af77
configure:6774: result: no
configure:6744: checking for xlf90
configure:6774: result: no
configure:6744: checking for f90
configure:6774: result: no
configure:6744: checking for pgf90
configure:6774: result: no
configure:6744: checking for pghpf
configure:6774: result: no
configure:6744: checking for epcf90
configure:6774: result: no
configure:6744: checking for gfortran
configure:6774: result: no
configure:6744: checking for g95
configure:6774: result: no
configure:6744: checking for xlf95
configure:6774: result: no
configure:6744: checking for f95
configure:6774: result: no
configure:6744: checking for fort
configure:6774: result: no
configure:6744: checking for ifort
configure:6774: result: no
configure:6744: checking for ifc
configure:6774: result: no
configure:6744: checking for efc
configure:6774: result: no
configure:6744: checking for pgf95
configure:6774: result: no
configure:6744: checking for lf95
configure:6774: result: no
configure:6744: checking for ftn
configure:6774: result: no
configure:6797: checking for Fortran 77 compiler version
configure:6805:  --version >&5
./configure: --version: command not found
configure:6809: $? = 127
configure:6816:  -v >&5
./configure: -v: command not found
configure:6820: $? = 127
configure:6827:  -V >&5
./configure: -V: command not found
configure:6831: $? = 127
configure:6839: checking whether we are using the GNU Fortran 77 compiler
configure:6858:  -c  conftest.F >&5
./configure: -c: command not found
configure:6865: $? = 127
configure: failed program was:
|       program main
| #ifndef __GNUC__
|        choke me
| #endif
| 
|       end
configure:6882: result: no
configure:6888: checking whether  accepts -g
configure:6905:  -c -g conftest.f >&5
./configure: -c: command not found
configure:6912: $? = 127
configure: failed program was:
|       program main
| 
|       end
configure:6928: result: no
configure:6961: checking the maximum length of command line arguments
configure:7073: result: 8192
configure:7085: checking command to parse /mingw/bin/nm output from gcc object
configure:7190: gcc -c -g -O2  conftest.c >&5
configure:7193: $? = 0
configure:7197: /mingw/bin/nm conftest.o \| sed -n -e 's/^.*[ 	]\([ABCDGIRSTW][ABCDGIRSTW]*\)[ 	][ 	]*\([_A-Za-z][_A-Za-z0-9]*\)\{0,1\}$/\1 \2 \2/p' \> conftest.nm
configure:7200: $? = 0
cannot find nm_test_var in conftest.nm
configure:7190: gcc -c -g -O2  conftest.c >&5
configure:7193: $? = 0
configure:7197: /mingw/bin/nm conftest.o \| sed -n -e 's/^.*[ 	]\([ABCDGIRSTW][ABCDGIRSTW]*\)[ 	][ 	]*_\([_A-Za-z][_A-Za-z0-9]*\)\{0,1\}$/\1 _\2 \2/p' \> conftest.nm
configure:7200: $? = 0
configure:7252: gcc -o conftest.exe -g -O2   conftest.c conftstm.o >&5
configure:7255: $? = 0
configure:7293: result: ok
configure:7297: checking for objdir
configure:7312: result: .libs
configure:7404: checking for ar
configure:7420: found /mingw/bin/ar
configure:7431: result: ar
configure:7496: checking for ranlib
configure:7512: found /mingw/bin/ranlib
configure:7523: result: ranlib
configure:7588: checking for strip
configure:7604: found /mingw/bin/strip
configure:7615: result: strip
configure:8205: checking if gcc supports -fno-rtti -fno-exceptions
configure:8226: gcc -c -g -O2  -fno-rtti -fno-exceptions conftest.c >&5
cc1.exe: warning: command line option "-fno-rtti" is valid for C++/ObjC++ but not for C
configure:8230: $? = 0
configure:8240: result: no
configure:8255: checking for gcc option to produce PIC
configure:8487: result: -DDLL_EXPORT
configure:8495: checking if gcc PIC flag -DDLL_EXPORT works
configure:8516: gcc -c -g -O2  -DDLL_EXPORT -DPIC conftest.c >&5
configure:8520: $? = 0
configure:8530: result: yes
configure:8558: checking if gcc static flag -static works
configure:8586: result: yes
configure:8596: checking if gcc supports -c -o file.o
configure:8620: gcc -c -g -O2  -o out/conftest2.o conftest.c >&5
configure:8624: $? = 0
configure:8643: result: yes
configure:8669: checking whether the gcc linker (d:/mingw/mingw32/bin/ld.exe) supports shared libraries
configure:9657: result: yes
configure:9678: checking whether -lc should be explicitly linked in
configure:9683: gcc -c -g -O2  conftest.c >&5
configure:9686: $? = 0
configure:9701: gcc -shared conftest.o  -v -o ./conftest -Wl,--enable-auto-image-base -Xlinker --out-implib -Xlinker conftest 2\>\&1 \| grep  -lc  \>/dev/null 2\>\&1
configure:9704: $? = 1
configure:9716: result: yes
configure:9724: checking dynamic linker characteristics
configure:10328: result: Win32 ld.exe
configure:10352: checking how to hardcode library paths into programs
configure:10377: result: immediate
configure:10391: checking whether stripping libraries is possible
configure:10396: result: yes
configure:11226: checking if libtool supports shared libraries
configure:11228: result: yes
configure:11231: checking whether to build shared libraries
configure:11252: result: yes
configure:11255: checking whether to build static libraries
configure:11259: result: no
configure:11353: creating libtool
configure:20621: checking for some Win32 platform
configure:20631: result: yes
configure:20686: checking for windres
configure:20702: found /mingw/bin/windres
configure:20713: result: windres
configure:20742: checking for lib.exe
configure:20770: result: no
configure:20842: checking for perl5
configure:20872: result: no
configure:20842: checking for perl
configure:20858: found /d/Perl/bin//perl
configure:20869: result: perl
configure:22350: checking for pkg-config
configure:22383: result: no
configure:22419: checking for FONTCONFIG
configure:22477: result: no
configure:22706: checking how to get MSVC-compatible struct packing
configure:22732: result: -mms-bitfields
configure:22751: checking Carbon/Carbon.h usability
configure:22768: gcc -c -g -O2 -Wall -mms-bitfields  conftest.c >&5
conftest.c:59:27: Carbon/Carbon.h: No such file or directory
configure:22775: $? = 1
configure: failed program was:
| /* confdefs.h.  */
| #define PACKAGE_NAME "pango"
| #define PACKAGE_TARNAME "pango"
| #define PACKAGE_VERSION "1.22.2"
| #define PACKAGE_STRING "pango 1.22.2"
| #define PACKAGE_BUGREPORT "http://bugzilla.gnome.org/enter_bug.cgi?product=pango"
| #define PACKAGE "pango"
| #define VERSION "1.22.2"
| #define MODULE_VERSION "1.6.0"
| #define PANGO_BINARY_AGE 2202
| #define PANGO_INTERFACE_AGE 0
| #define PANGO_VERSION_MAJOR 1
| #define PANGO_VERSION_MINOR 22
| #define PANGO_VERSION_MICRO 2
| #define STDC_HEADERS 1
| #define HAVE_SYS_TYPES_H 1
| #define HAVE_SYS_STAT_H 1
| #define HAVE_STDLIB_H 1
| #define HAVE_STRING_H 1
| #define HAVE_MEMORY_H 1
| #define HAVE_STRINGS_H 1
| #define HAVE_INTTYPES_H 1
| #define HAVE_STDINT_H 1
| #define HAVE_UNISTD_H 1
| /* end confdefs.h.  */
| #include <stdio.h>
| #ifdef HAVE_SYS_TYPES_H
| # include <sys/types.h>
| #endif
| #ifdef HAVE_SYS_STAT_H
| # include <sys/stat.h>
| #endif
| #ifdef STDC_HEADERS
| # include <stdlib.h>
| # include <stddef.h>
| #else
| # ifdef HAVE_STDLIB_H
| #  include <stdlib.h>
| # endif
| #endif
| #ifdef HAVE_STRING_H
| # if !defined STDC_HEADERS && defined HAVE_MEMORY_H
| #  include <memory.h>
| # endif
| # include <string.h>
| #endif
| #ifdef HAVE_STRINGS_H
| # include <strings.h>
| #endif
| #ifdef HAVE_INTTYPES_H
| # include <inttypes.h>
| #endif
| #ifdef HAVE_STDINT_H
| # include <stdint.h>
| #endif
| #ifdef HAVE_UNISTD_H
| # include <unistd.h>
| #endif
| #include <Carbon/Carbon.h>
configure:22789: result: no
configure:22793: checking Carbon/Carbon.h presence
configure:22808: gcc -E  conftest.c
conftest.c:26:27: Carbon/Carbon.h: No such file or directory
configure:22815: $? = 1
configure: failed program was:
| /* confdefs.h.  */
| #define PACKAGE_NAME "pango"
| #define PACKAGE_TARNAME "pango"
| #define PACKAGE_VERSION "1.22.2"
| #define PACKAGE_STRING "pango 1.22.2"
| #define PACKAGE_BUGREPORT "http://bugzilla.gnome.org/enter_bug.cgi?product=pango"
| #define PACKAGE "pango"
| #define VERSION "1.22.2"
| #define MODULE_VERSION "1.6.0"
| #define PANGO_BINARY_AGE 2202
| #define PANGO_INTERFACE_AGE 0
| #define PANGO_VERSION_MAJOR 1
| #define PANGO_VERSION_MINOR 22
| #define PANGO_VERSION_MICRO 2
| #define STDC_HEADERS 1
| #define HAVE_SYS_TYPES_H 1
| #define HAVE_SYS_STAT_H 1
| #define HAVE_STDLIB_H 1
| #define HAVE_STRING_H 1
| #define HAVE_MEMORY_H 1
| #define HAVE_STRINGS_H 1
| #define HAVE_INTTYPES_H 1
| #define HAVE_STDINT_H 1
| #define HAVE_UNISTD_H 1
| /* end confdefs.h.  */
| #include <Carbon/Carbon.h>
configure:22829: result: no
configure:22862: checking for Carbon/Carbon.h
configure:22869: result: no
configure:22896: checking for CAIRO
configure:22954: result: no
configure:23224: checking for GLIB
configure:23289: error:
*** Glib 2.17.3 or better is required. The latest version of
*** Glib is always available from ftp://ftp.gtk.org/.

## ---------------- ##
## Cache variables. ##
## ---------------- ##

ac_cv_build=i686-pc-mingw32
ac_cv_c_compiler_gnu=yes
ac_cv_cxx_compiler_gnu=no
ac_cv_env_CAIRO_CFLAGS_set=
ac_cv_env_CAIRO_CFLAGS_value=
ac_cv_env_CAIRO_LIBS_set=
ac_cv_env_CAIRO_LIBS_value=
ac_cv_env_CCC_set=
ac_cv_env_CCC_value=
ac_cv_env_CC_set=
ac_cv_env_CC_value=
ac_cv_env_CFLAGS_set=
ac_cv_env_CFLAGS_value=
ac_cv_env_CPPFLAGS_set=
ac_cv_env_CPPFLAGS_value=
ac_cv_env_CPP_set=
ac_cv_env_CPP_value=
ac_cv_env_CXXCPP_set=
ac_cv_env_CXXCPP_value=
ac_cv_env_CXXFLAGS_set=
ac_cv_env_CXXFLAGS_value=
ac_cv_env_CXX_set=
ac_cv_env_CXX_value=
ac_cv_env_F77_set=
ac_cv_env_F77_value=
ac_cv_env_FFLAGS_set=
ac_cv_env_FFLAGS_value=
ac_cv_env_FONTCONFIG_CFLAGS_set=
ac_cv_env_FONTCONFIG_CFLAGS_value=
ac_cv_env_FONTCONFIG_LIBS_set=
ac_cv_env_FONTCONFIG_LIBS_value=
ac_cv_env_FREETYPE_CFLAGS_set=
ac_cv_env_FREETYPE_CFLAGS_value=
ac_cv_env_FREETYPE_LIBS_set=
ac_cv_env_FREETYPE_LIBS_value=
ac_cv_env_GLIB_CFLAGS_set=
ac_cv_env_GLIB_CFLAGS_value=
ac_cv_env_GLIB_LIBS_set=
ac_cv_env_GLIB_LIBS_value=
ac_cv_env_LDFLAGS_set=
ac_cv_env_LDFLAGS_value=
ac_cv_env_LIBS_set=
ac_cv_env_LIBS_value=
ac_cv_env_LIBTHAI_CFLAGS_set=
ac_cv_env_LIBTHAI_CFLAGS_value=
ac_cv_env_LIBTHAI_LIBS_set=
ac_cv_env_LIBTHAI_LIBS_value=
ac_cv_env_PKG_CONFIG_set=
ac_cv_env_PKG_CONFIG_value=
ac_cv_env_XFT_CFLAGS_set=
ac_cv_env_XFT_CFLAGS_value=
ac_cv_env_XFT_LIBS_set=
ac_cv_env_XFT_LIBS_value=
ac_cv_env_XMKMF_set=
ac_cv_env_XMKMF_value=
ac_cv_env_build_alias_set=
ac_cv_env_build_alias_value=
ac_cv_env_host_alias_set=
ac_cv_env_host_alias_value=
ac_cv_env_target_alias_set=
ac_cv_env_target_alias_value=
ac_cv_exeext=.exe
ac_cv_f77_compiler_gnu=no
ac_cv_header_Carbon_Carbon_h=no
ac_cv_header_dlfcn_h=no
ac_cv_header_inttypes_h=yes
ac_cv_header_memory_h=yes
ac_cv_header_stdc=yes
ac_cv_header_stdint_h=yes
ac_cv_header_stdlib_h=yes
ac_cv_header_string_h=yes
ac_cv_header_strings_h=yes
ac_cv_header_sys_stat_h=yes
ac_cv_header_sys_types_h=yes
ac_cv_header_unistd_h=yes
ac_cv_host=i686-pc-mingw32
ac_cv_objext=o
ac_cv_path_EGREP='/bin/grep -E'
ac_cv_path_GREP=/bin/grep
ac_cv_path_install='/bin/install -c'
ac_cv_path_mkdir=/bin/mkdir
ac_cv_prog_AWK=gawk
ac_cv_prog_CPP='gcc -E'
ac_cv_prog_CXX=g++
ac_cv_prog_PERL=perl
ac_cv_prog_ac_ct_AR=ar
ac_cv_prog_ac_ct_AS=as
ac_cv_prog_ac_ct_CC=gcc
ac_cv_prog_ac_ct_DLLTOOL=dlltool
ac_cv_prog_ac_ct_OBJDUMP=objdump
ac_cv_prog_ac_ct_RANLIB=ranlib
ac_cv_prog_ac_ct_STRIP=strip
ac_cv_prog_ac_ct_WINDRES=windres
ac_cv_prog_cc_c89=
ac_cv_prog_cc_g=yes
ac_cv_prog_cxx_g=no
ac_cv_prog_f77_g=no
ac_cv_prog_make_make_set=yes
ac_cv_prog_ms_librarian=no
am_cv_CC_dependencies_compiler_type=gcc3
am_cv_CXX_dependencies_compiler_type=none
lt_cv_deplibs_check_method='file_magic file format pei*-i386(.*architecture: i386)?'
lt_cv_file_magic_cmd='$OBJDUMP -f'
lt_cv_file_magic_test_file=
lt_cv_ld_reload_flag=-r
lt_cv_objdir=.libs
lt_cv_path_LD=d:/mingw/mingw32/bin/ld.exe
lt_cv_path_NM=/mingw/bin/nm
lt_cv_path_SED=/bin/sed
lt_cv_prog_compiler_c_o=yes
lt_cv_prog_compiler_pic_works=yes
lt_cv_prog_compiler_rtti_exceptions=no
lt_cv_prog_compiler_static_works=yes
lt_cv_prog_gnu_ld=yes
lt_cv_sys_global_symbol_pipe='sed -n -e '\''s/^.*[ 	]\([ABCDGIRSTW][ABCDGIRSTW]*\)[ 	][ 	]*_\([_A-Za-z][_A-Za-z0-9]*\)\{0,1\}$/\1 _\2 \2/p'\'''
lt_cv_sys_global_symbol_to_c_name_address='sed -n -e '\''s/^: \([^ ]*\) $/  {\"\1\", (lt_ptr) 0},/p'\'' -e '\''s/^[BCDEGRST] \([^ ]*\) \([^ ]*\)$/  {"\2", (lt_ptr) \&\2},/p'\'''
lt_cv_sys_global_symbol_to_cdecl='sed -n -e '\''s/^. .* \(.*\)$/extern int \1;/p'\'''
lt_cv_sys_lib_dlsearch_path_spec='/lib /usr/lib'
lt_cv_sys_lib_search_path_spec=' =d:/mingw/bin/../lib/gcc/mingw32/3.4.5/ d:/mingw/bin/../lib/gcc/ /mingw/lib/gcc/mingw32/3.4.5/ /usr/lib/gcc/mingw32/3.4.5/ d:/mingw/bin/../lib/gcc/mingw32/3.4.5/../../../../mingw32/lib/mingw32/3.4.5/ d:/mingw/bin/../lib/gcc/mingw32/3.4.5/../../../../mingw32/lib/ /mingw/lib/gcc/mingw32/3.4.5/../../../../mingw32/lib/mingw32/3.4.5/ /mingw/lib/gcc/mingw32/3.4.5/../../../../mingw32/lib/ /mingw/lib/mingw32/3.4.5/ /mingw/lib/ d:/mingw/bin/../lib/gcc/mingw32/3.4.5/../../../mingw32/3.4.5/ d:/mingw/bin/../lib/gcc/mingw32/3.4.5/../../../ /mingw/lib/gcc/mingw32/3.4.5/../../../mingw32/3.4.5/ /mingw/lib/gcc/mingw32/3.4.5/../../../ /lib/mingw32/3.4.5/ /lib/ /usr/lib/mingw32/3.4.5/ /usr/lib/'
lt_cv_sys_max_cmd_len=8192
lt_lt_cv_prog_compiler_c_o='"yes"'
lt_lt_cv_sys_global_symbol_pipe='"sed -n -e '\''s/^.*[ 	]\\([ABCDGIRSTW][ABCDGIRSTW]*\\)[ 	][ 	]*_\\([_A-Za-z][_A-Za-z0-9]*\\)\\{0,1\\}\$/\\1 _\\2 \\2/p'\''"'
lt_lt_cv_sys_global_symbol_to_c_name_address='"sed -n -e '\''s/^: \\([^ ]*\\) \$/  {\\\"\\1\\\", (lt_ptr) 0},/p'\'' -e '\''s/^[BCDEGRST] \\([^ ]*\\) \\([^ ]*\\)\$/  {\"\\2\", (lt_ptr) \\&\\2},/p'\''"'
lt_lt_cv_sys_global_symbol_to_cdecl='"sed -n -e '\''s/^. .* \\(.*\\)\$/extern int \\1;/p'\''"'

## ----------------- ##
## Output variables. ##
## ----------------- ##

ACLOCAL='${SHELL} /d/usr/src/cairo-for-symbian/pango-1.22.2/missing --run aclocal-1.10'
AMDEPBACKSLASH='\'
AMDEP_FALSE='#'
AMDEP_TRUE=''
AMTAR='${SHELL} /d/usr/src/cairo-for-symbian/pango-1.22.2/missing --run tar'
AR='ar'
AS='as'
AUTOCONF='${SHELL} /d/usr/src/cairo-for-symbian/pango-1.22.2/missing --run autoconf'
AUTOHEADER='${SHELL} /d/usr/src/cairo-for-symbian/pango-1.22.2/missing --run autoheader'
AUTOMAKE='${SHELL} /d/usr/src/cairo-for-symbian/pango-1.22.2/missing --run automake-1.10'
AWK='gawk'
CAIRO_CFLAGS=''
CAIRO_LIBS=''
CAIRO_PREFIX=''
CC='gcc'
CCDEPMODE='depmode=gcc3'
CFLAGS='-g -O2 -Wall -mms-bitfields'
CPP='gcc -E'
CPPFLAGS=''
CROSS_COMPILING_FALSE=''
CROSS_COMPILING_TRUE='#'
CXX=''
CXXCPP=''
CXXDEPMODE='depmode=none'
CXXFLAGS=''
CYGPATH_W='echo'
DEFS=''
DEPDIR='.deps'
DISABLE_EXPLICIT_DEPS_FALSE=''
DISABLE_EXPLICIT_DEPS_TRUE=''
DLLTOOL='dlltool'
DSYMUTIL=''
DYNAMIC_ARABIC_FC_FALSE=''
DYNAMIC_ARABIC_FC_TRUE=''
DYNAMIC_ARABIC_LANG_FALSE=''
DYNAMIC_ARABIC_LANG_TRUE=''
DYNAMIC_BASIC_ATSUI_FALSE=''
DYNAMIC_BASIC_ATSUI_TRUE=''
DYNAMIC_BASIC_FC_FALSE=''
DYNAMIC_BASIC_FC_TRUE=''
DYNAMIC_BASIC_WIN32_FALSE=''
DYNAMIC_BASIC_WIN32_TRUE=''
DYNAMIC_BASIC_X_FALSE=''
DYNAMIC_BASIC_X_TRUE=''
DYNAMIC_HANGUL_FC_FALSE=''
DYNAMIC_HANGUL_FC_TRUE=''
DYNAMIC_HEBREW_FC_FALSE=''
DYNAMIC_HEBREW_FC_TRUE=''
DYNAMIC_INDIC_FC_FALSE=''
DYNAMIC_INDIC_FC_TRUE=''
DYNAMIC_INDIC_LANG_FALSE=''
DYNAMIC_INDIC_LANG_TRUE=''
DYNAMIC_KHMER_FC_FALSE=''
DYNAMIC_KHMER_FC_TRUE=''
DYNAMIC_SYRIAC_FC_FALSE=''
DYNAMIC_SYRIAC_FC_TRUE=''
DYNAMIC_THAI_FC_FALSE=''
DYNAMIC_THAI_FC_TRUE=''
DYNAMIC_THAI_LANG_FALSE=''
DYNAMIC_THAI_LANG_TRUE=''
DYNAMIC_TIBETAN_FC_FALSE=''
DYNAMIC_TIBETAN_FC_TRUE=''
ECHO='echo'
ECHO_C=''
ECHO_N='-n'
ECHO_T=''
EGREP='/bin/grep -E'
ENABLE_DOC_CROSS_REFERENCES_FALSE=''
ENABLE_DOC_CROSS_REFERENCES_TRUE=''
ENABLE_GTK_DOC_FALSE=''
ENABLE_GTK_DOC_TRUE=''
ENABLE_MAN_FALSE=''
ENABLE_MAN_TRUE=''
EXEEXT='.exe'
F77=''
FFLAGS=''
FONTCONFIG_CFLAGS=''
FONTCONFIG_LIBS=''
FREETYPE_CFLAGS=''
FREETYPE_LIBS=''
GLIB_CFLAGS=''
GLIB_LIBS=''
GLIB_PREFIX=''
GREP='/bin/grep'
GTKDOC_CHECK=''
GTK_DOC_USE_LIBTOOL_FALSE=''
GTK_DOC_USE_LIBTOOL_TRUE=''
HAVE_CAIRO_ATSUI_FALSE=''
HAVE_CAIRO_ATSUI_TRUE='#'
HAVE_CAIRO_FALSE=''
HAVE_CAIRO_FREETYPE_FALSE=''
HAVE_CAIRO_FREETYPE_TRUE='#'
HAVE_CAIRO_PDF_FALSE=''
HAVE_CAIRO_PDF_TRUE='#'
HAVE_CAIRO_PNG_FALSE=''
HAVE_CAIRO_PNG_TRUE='#'
HAVE_CAIRO_PS_FALSE=''
HAVE_CAIRO_PS_TRUE='#'
HAVE_CAIRO_TRUE='#'
HAVE_CAIRO_WIN32_FALSE=''
HAVE_CAIRO_WIN32_TRUE='#'
HAVE_CAIRO_XLIB_FALSE=''
HAVE_CAIRO_XLIB_TRUE='#'
HAVE_CXX_FALSE=''
HAVE_CXX_TRUE='#'
HAVE_DYNAMIC_MODULES_FALSE=''
HAVE_DYNAMIC_MODULES_TRUE=''
HAVE_FREETYPE_FALSE=''
HAVE_FREETYPE_TRUE='#'
HAVE_INCLUDED_MODULES_FALSE=''
HAVE_INCLUDED_MODULES_TRUE=''
HAVE_WIN32_FALSE='#'
HAVE_WIN32_TRUE=''
HAVE_XFT_FALSE=''
HAVE_XFT_TRUE='#'
HAVE_X_FALSE=''
HAVE_X_TRUE='#'
HTML_DIR=''
INCLUDED_ATSUI_MODULES=''
INCLUDED_FC_MODULES=''
INCLUDED_LANG_MODULES=''
INCLUDED_WIN32_MODULES=''
INCLUDED_X_MODULES=''
INCLUDE_ARABIC_FC_FALSE=''
INCLUDE_ARABIC_FC_TRUE=''
INCLUDE_ARABIC_LANG_FALSE=''
INCLUDE_ARABIC_LANG_TRUE=''
INCLUDE_BASIC_ATSUI_FALSE=''
INCLUDE_BASIC_ATSUI_TRUE=''
INCLUDE_BASIC_FC_FALSE=''
INCLUDE_BASIC_FC_TRUE=''
INCLUDE_BASIC_WIN32_FALSE=''
INCLUDE_BASIC_WIN32_TRUE=''
INCLUDE_BASIC_X_FALSE=''
INCLUDE_BASIC_X_TRUE=''
INCLUDE_HANGUL_FC_FALSE=''
INCLUDE_HANGUL_FC_TRUE=''
INCLUDE_HEBREW_FC_FALSE=''
INCLUDE_HEBREW_FC_TRUE=''
INCLUDE_INDIC_FC_FALSE=''
INCLUDE_INDIC_FC_TRUE=''
INCLUDE_INDIC_LANG_FALSE=''
INCLUDE_INDIC_LANG_TRUE=''
INCLUDE_KHMER_FC_FALSE=''
INCLUDE_KHMER_FC_TRUE=''
INCLUDE_SYRIAC_FC_FALSE=''
INCLUDE_SYRIAC_FC_TRUE=''
INCLUDE_THAI_FC_FALSE=''
INCLUDE_THAI_FC_TRUE=''
INCLUDE_THAI_LANG_FALSE=''
INCLUDE_THAI_LANG_TRUE=''
INCLUDE_TIBETAN_FC_FALSE=''
INCLUDE_TIBETAN_FC_TRUE=''
INSTALL_DATA='${INSTALL} -m 644'
INSTALL_PROGRAM='${INSTALL}'
INSTALL_SCRIPT='${INSTALL}'
INSTALL_STRIP_PROGRAM='$(install_sh) -c -s'
LDFLAGS=''
LIBOBJS=''
LIBRARY_LIBTOOL_OPTIONS=''
LIBS=''
LIBTHAI_CFLAGS=''
LIBTHAI_LIBS=''
LIBTOOL='$(SHELL) $(top_builddir)/libtool'
LIB_EXE_MACHINE_FLAG='X86'
LN_S='cp -p'
LTLIBOBJS=''
MAKEINFO='${SHELL} /d/usr/src/cairo-for-symbian/pango-1.22.2/missing --run makeinfo'
MKDIR_P='/bin/mkdir -p'
MODULE_LIBTOOL_OPTIONS=''
MS_LIB_AVAILABLE_FALSE=''
MS_LIB_AVAILABLE_TRUE='#'
NMEDIT=''
OBJDUMP='objdump'
OBJEXT='o'
OS_WIN32_FALSE='#'
OS_WIN32_TRUE=''
PACKAGE='pango'
PACKAGE_BUGREPORT='http://bugzilla.gnome.org/enter_bug.cgi?product=pango'
PACKAGE_NAME='pango'
PACKAGE_STRING='pango 1.22.2'
PACKAGE_TARNAME='pango'
PACKAGE_VERSION='1.22.2'
PANGO_API_VERSION='1.0'
PANGO_BINARY_AGE='2202'
PANGO_CURRENT_MINUS_AGE='0'
PANGO_DEBUG_FLAGS='-DG_DISABLE_CAST_CHECKS'
PANGO_INTERFACE_AGE='0'
PANGO_MODULE_VERSION='1.6.0'
PANGO_VERSION='1.22.2'
PANGO_VERSION_MAJOR='1'
PANGO_VERSION_MICRO='2'
PANGO_VERSION_MINOR='22'
PATH_SEPARATOR=':'
PERL='perl'
PKGCONFIG_CAIRO_REQUIRES=''
PKGCONFIG_MATH_LIBS=''
PKG_CONFIG=''
PLATFORM_WIN32_FALSE='#'
PLATFORM_WIN32_TRUE=''
RANLIB='ranlib'
REBUILD=''
SED='/bin/sed'
SET_MAKE=''
SHELL='/bin/sh'
STRIP='strip'
VERSION='1.22.2'
WIN32_LIBS='-lgdi32'
WINDRES='windres'
XFT_CFLAGS=''
XFT_LIBS=''
XMKMF=''
XMLCATALOG=''
XML_CATALOG_FILE=''
XSLTPROC=''
X_CFLAGS=''
X_EXTRA_LIBS=''
X_LIBS=''
X_PRE_LIBS=''
ac_ct_CC='gcc'
ac_ct_CXX=''
ac_ct_F77=''
am__fastdepCC_FALSE='#'
am__fastdepCC_TRUE=''
am__fastdepCXX_FALSE=''
am__fastdepCXX_TRUE='#'
am__include='include'
am__isrc=''
am__leading_dot='.'
am__quote=''
am__tar='${AMTAR} chof - "$$tardir"'
am__untar='${AMTAR} xf -'
bindir='${exec_prefix}/bin'
build='i686-pc-mingw32'
build_alias=''
build_cpu='i686'
build_os='mingw32'
build_vendor='pc'
datadir='${datarootdir}'
datarootdir='${prefix}/share'
docdir='${datarootdir}/doc/${PACKAGE_TARNAME}'
dvidir='${docdir}'
exec_prefix='NONE'
host='i686-pc-mingw32'
host_alias=''
host_cpu='i686'
host_os='mingw32'
host_vendor='pc'
htmldir='${docdir}'
includedir='${prefix}/include'
infodir='${datarootdir}/info'
install_sh='$(SHELL) /d/usr/src/cairo-for-symbian/pango-1.22.2/install-sh'
libdir='${exec_prefix}/lib'
libexecdir='${exec_prefix}/libexec'
localedir='${datarootdir}/locale'
localstatedir='${prefix}/var'
mandir='${datarootdir}/man'
mkdir_p='/bin/mkdir -p'
ms_librarian='no'
oldincludedir='/usr/include'
pdfdir='${docdir}'
prefix='NONE'
program_transform_name='s,x,x,'
psdir='${docdir}'
sbindir='${exec_prefix}/sbin'
sharedstatedir='${prefix}/com'
sysconfdir='${prefix}/etc'
target_alias=''

## ----------- ##
## confdefs.h. ##
## ----------- ##

#define PACKAGE_NAME "pango"
#define PACKAGE_TARNAME "pango"
#define PACKAGE_VERSION "1.22.2"
#define PACKAGE_STRING "pango 1.22.2"
#define PACKAGE_BUGREPORT "http://bugzilla.gnome.org/enter_bug.cgi?product=pango"
#define PACKAGE "pango"
#define VERSION "1.22.2"
#define MODULE_VERSION "1.6.0"
#define PANGO_BINARY_AGE 2202
#define PANGO_INTERFACE_AGE 0
#define PANGO_VERSION_MAJOR 1
#define PANGO_VERSION_MINOR 22
#define PANGO_VERSION_MICRO 2
#define STDC_HEADERS 1
#define HAVE_SYS_TYPES_H 1
#define HAVE_SYS_STAT_H 1
#define HAVE_STDLIB_H 1
#define HAVE_STRING_H 1
#define HAVE_MEMORY_H 1
#define HAVE_STRINGS_H 1
#define HAVE_INTTYPES_H 1
#define HAVE_STDINT_H 1
#define HAVE_UNISTD_H 1

configure: exit 1
